<?xml version="1.0" encoding="UTF-8"?>
<testng-results ignored="0" total="1" passed="1" failed="0" skipped="0">
  <reporter-output>
  </reporter-output>
  <suite started-at="2022-12-17T03:26:15Z" name="Default suite" finished-at="2022-12-17T03:26:41Z" duration-ms="26397">
    <groups>
    </groups>
    <test started-at="2022-12-17T03:26:15Z" name="Default test" finished-at="2022-12-17T03:26:41Z" duration-ms="26397">
      <class name="com.KuldeepSingh.purchaseFromNaveenAutomationLabs.PurchaseFromNaveenWebsite">
        <test-method is-config="true" signature="setup()[pri:0, instance:com.KuldeepSingh.purchaseFromNaveenAutomationLabs.PurchaseFromNaveenWebsite@4196c360]" started-at="2022-12-17T03:26:15Z" name="setup" finished-at="2022-12-17T03:26:23Z" duration-ms="8295" status="PASS">
          <reporter-output>
          </reporter-output>
        </test-method> <!-- setup -->
        <test-method signature="verifyUserPurchase()[pri:0, instance:com.KuldeepSingh.purchaseFromNaveenAutomationLabs.PurchaseFromNaveenWebsite@4196c360]" started-at="2022-12-17T03:26:23Z" name="verifyUserPurchase" finished-at="2022-12-17T03:26:41Z" duration-ms="17816" status="PASS">
          <reporter-output>
          </reporter-output>
        </test-method> <!-- verifyUserPurchase -->
        <test-method is-config="true" signature="tearDown()[pri:0, instance:com.KuldeepSingh.purchaseFromNaveenAutomationLabs.PurchaseFromNaveenWebsite@4196c360]" started-at="2022-12-17T03:26:41Z" name="tearDown" finished-at="2022-12-17T03:26:41Z" duration-ms="227" status="PASS">
          <reporter-output>
          </reporter-output>
        </test-method> <!-- tearDown -->
      </class> <!-- com.KuldeepSingh.purchaseFromNaveenAutomationLabs.PurchaseFromNaveenWebsite -->
    </test> <!-- Default test -->
  </suite> <!-- Default suite -->
</testng-results>
