<?xml version="1.0" encoding="UTF-8"?>
<testng-results ignored="0" total="1" passed="1" failed="0" skipped="0">
  <reporter-output>
  </reporter-output>
  <suite started-at="2022-12-14T23:49:57Z" name="Default suite" finished-at="2022-12-14T23:50:28Z" duration-ms="31165">
    <groups>
    </groups>
    <test started-at="2022-12-14T23:49:57Z" name="Default test" finished-at="2022-12-14T23:50:28Z" duration-ms="31165">
      <class name="com.KuldeepSingh.purchaseFromNaveenAutomationLabs.PurchaseFromNaveenWebsite">
        <test-method is-config="true" signature="setup()[pri:0, instance:com.KuldeepSingh.purchaseFromNaveenAutomationLabs.PurchaseFromNaveenWebsite@7b8b43c7]" started-at="2022-12-14T23:49:57Z" name="setup" finished-at="2022-12-14T23:50:05Z" duration-ms="7842" status="PASS">
          <reporter-output>
          </reporter-output>
        </test-method> <!-- setup -->
        <test-method signature="verifyUserPurchase()[pri:0, instance:com.KuldeepSingh.purchaseFromNaveenAutomationLabs.PurchaseFromNaveenWebsite@7b8b43c7]" started-at="2022-12-14T23:50:05Z" name="verifyUserPurchase" finished-at="2022-12-14T23:50:28Z" duration-ms="22881" status="PASS">
          <reporter-output>
          </reporter-output>
        </test-method> <!-- verifyUserPurchase -->
        <test-method is-config="true" signature="tearDown()[pri:0, instance:com.KuldeepSingh.purchaseFromNaveenAutomationLabs.PurchaseFromNaveenWebsite@7b8b43c7]" started-at="2022-12-14T23:50:28Z" name="tearDown" finished-at="2022-12-14T23:50:28Z" duration-ms="388" status="PASS">
          <reporter-output>
          </reporter-output>
        </test-method> <!-- tearDown -->
      </class> <!-- com.KuldeepSingh.purchaseFromNaveenAutomationLabs.PurchaseFromNaveenWebsite -->
    </test> <!-- Default test -->
  </suite> <!-- Default suite -->
</testng-results>
